<?xml version="1.0" encoding="UTF-8"?>
<!-- Generated by org.testng.reporters.JUnitReportReporter -->
<testsuite skipped="0" hostname="MAVLT1435" name="com.tests.locators.TestLocatorXpath" tests="1" failures="0" timestamp="2021-12-04T12:02:51 IST" time="22.420" errors="0">
  <testcase name="VerifyLocatorXpath" time="22.420" classname="com.tests.locators.TestLocatorXpath"/>
  <system-out/>
</testsuite> <!-- com.tests.locators.TestLocatorXpath -->
