<?xml version="1.0" encoding="UTF-8"?>
<!-- Generated by org.testng.reporters.JUnitReportReporter -->
<testsuite skipped="0" hostname="MAVLT1435" name="com.tests.pageObjectModel.TestOrangeHRMLogin" tests="1" failures="0" timestamp="2021-12-04T15:17:11 IST" time="18.471" errors="0">
  <testcase name="VerifyValidLogin" time="18.471" classname="com.tests.pageObjectModel.TestOrangeHRMLogin"/>
  <system-out/>
</testsuite> <!-- com.tests.pageObjectModel.TestOrangeHRMLogin -->
