<?xml version="1.0" encoding="UTF-8"?>
<!-- Generated by org.testng.reporters.JUnitReportReporter -->
<testsuite skipped="0" hostname="MAVLT1435" name="com.tests.locators.TestLocatorID" tests="1" failures="0" timestamp="2021-12-04T12:02:51 IST" time="13.765" errors="0">
  <testcase name="VerifyLocatorID" time="13.765" classname="com.tests.locators.TestLocatorID"/>
  <system-out/>
</testsuite> <!-- com.tests.locators.TestLocatorID -->
