<?xml version="1.0" encoding="UTF-8"?>
<!-- Generated by org.testng.reporters.JUnitReportReporter -->
<testsuite skipped="0" hostname="MAVLT1435" name="com.tests.locators.TestLocatorCssSelector" tests="1" failures="0" timestamp="2021-12-04T15:59:08 IST" time="22.703" errors="0">
  <testcase name="VerifyCssSelector" time="22.703" classname="com.tests.locators.TestLocatorCssSelector"/>
  <system-out/>
</testsuite> <!-- com.tests.locators.TestLocatorCssSelector -->
